# JRE version: Java(TM) SE Runtime Environment (8.0_71-b15) (build 1.8.0_71-b15)
# Java VM: Java HotSpot(TM) 64-Bit Server VM (25.71-b15 mixed mode windows-amd64 compressed oops)
Heap:
 PSYoungGen      total 137728K, used 84458K [0x000000076bd00000, 0x0000000778700000, 0x00000007c0000000)
  eden space 126976K, 58% used [0x000000076bd00000,0x00000007704fe788,0x0000000773900000)
  from space 10752K, 99% used [0x0000000773900000,0x000000077437c3b0,0x0000000774380000)
  to   space 14848K, 0% used [0x0000000777880000,0x0000000777880000,0x0000000778700000)
 ParOldGen       total 91648K, used 9986K [0x00000006c3600000, 0x00000006c8f80000, 0x000000076bd00000)
  object space 91648K, 10% used [0x00000006c3600000,0x00000006c3fc0a88,0x00000006c8f80000)
 Metaspace       used 33868K, capacity 35450K, committed 35496K, reserved 1079296K
  class space    used 4513K, capacity 4843K, committed 4864K, reserved 1048576K
GC Heap History (10 events):
Event: 1.231 GC heap before
{Heap before GC invocations=2 (full 0):
 PSYoungGen      total 75776K, used 72905K [0x000000076bd00000, 0x0000000771180000, 0x00000007c0000000)
  eden space 65024K, 100% used [0x000000076bd00000,0x000000076fc80000,0x000000076fc80000)
  from space 10752K, 73% used [0x000000076fc80000,0x0000000770432758,0x0000000770700000)
  to   space 10752K, 0% used [0x0000000770700000,0x0000000770700000,0x0000000771180000)
 ParOldGen       total 173568K, used 23K [0x00000006c3600000, 0x00000006cdf80000, 0x000000076bd00000)
  object space 173568K, 0% used [0x00000006c3600000,0x00000006c3605c10,0x00000006cdf80000)
 Metaspace       used 19682K, capacity 20292K, committed 20480K, reserved 1067008K
  class space    used 2597K, capacity 2772K, committed 2816K, reserved 1048576K
Event: 1.237 GC heap after
Heap after GC invocations=2 (full 0):
 PSYoungGen      total 75776K, used 10154K [0x000000076bd00000, 0x0000000775100000, 0x00000007c0000000)
  eden space 65024K, 0% used [0x000000076bd00000,0x000000076bd00000,0x000000076fc80000)
  from space 10752K, 94% used [0x0000000770700000,0x00000007710eaa58,0x0000000771180000)
  to   space 10752K, 0% used [0x000000076fc80000,0x000000076fc80000,0x0000000770700000)
 ParOldGen       total 173568K, used 31K [0x00000006c3600000, 0x00000006cdf80000, 0x000000076bd00000)
  object space 173568K, 0% used [0x00000006c3600000,0x00000006c3607c10,0x00000006cdf80000)
 Metaspace       used 19682K, capacity 20292K, committed 20480K, reserved 1067008K
  class space    used 2597K, capacity 2772K, committed 2816K, reserved 1048576K
}
Event: 1.274 GC heap before
{Heap before GC invocations=3 (full 0):
 PSYoungGen      total 75776K, used 22022K [0x000000076bd00000, 0x0000000775100000, 0x00000007c0000000)
  eden space 65024K, 18% used [0x000000076bd00000,0x000000076c897140,0x000000076fc80000)
  from space 10752K, 94% used [0x0000000770700000,0x00000007710eaa58,0x0000000771180000)
  to   space 10752K, 0% used [0x000000076fc80000,0x000000076fc80000,0x0000000770700000)
 ParOldGen       total 173568K, used 31K [0x00000006c3600000, 0x00000006cdf80000, 0x000000076bd00000)
  object space 173568K, 0% used [0x00000006c3600000,0x00000006c3607c10,0x00000006cdf80000)
 Metaspace       used 20634K, capacity 21228K, committed 21296K, reserved 1067008K
  class space    used 2731K, capacity 2894K, committed 2944K, reserved 1048576K
Event: 1.277 GC heap after
Heap after GC invocations=3 (full 0):
 PSYoungGen      total 75776K, used 6440K [0x000000076bd00000, 0x0000000775100000, 0x00000007c0000000)
  eden space 65024K, 0% used [0x000000076bd00000,0x000000076bd00000,0x000000076fc80000)
  from space 10752K, 59% used [0x000000076fc80000,0x00000007702ca038,0x0000000770700000)
  to   space 10752K, 0% used [0x0000000774680000,0x0000000774680000,0x0000000775100000)
 ParOldGen       total 173568K, used 39K [0x00000006c3600000, 0x00000006cdf80000, 0x000000076bd00000)
  object space 173568K, 0% used [0x00000006c3600000,0x00000006c3609c10,0x00000006cdf80000)
 Metaspace       used 20634K, capacity 21228K, committed 21296K, reserved 1067008K
  class space    used 2731K, capacity 2894K, committed 2944K, reserved 1048576K
}
Event: 1.277 GC heap before
{Heap before GC invocations=4 (full 1):
 PSYoungGen      total 75776K, used 6440K [0x000000076bd00000, 0x0000000775100000, 0x00000007c0000000)
  eden space 65024K, 0% used [0x000000076bd00000,0x000000076bd00000,0x000000076fc80000)
  from space 10752K, 59% used [0x000000076fc80000,0x00000007702ca038,0x0000000770700000)
  to   space 10752K, 0% used [0x0000000774680000,0x0000000774680000,0x0000000775100000)
 ParOldGen       total 173568K, used 39K [0x00000006c3600000, 0x00000006cdf80000, 0x000000076bd00000)
  object space 173568K, 0% used [0x00000006c3600000,0x00000006c3609c10,0x00000006cdf80000)
 Metaspace       used 20634K, capacity 21228K, committed 21296K, reserved 1067008K
  class space    used 2731K, capacity 2894K, committed 2944K, reserved 1048576K
Event: 1.297 GC heap after
Heap after GC invocations=4 (full 1):
 PSYoungGen      total 75776K, used 0K [0x000000076bd00000, 0x0000000775100000, 0x00000007c0000000)
  eden space 65024K, 0% used [0x000000076bd00000,0x000000076bd00000,0x000000076fc80000)
  from space 10752K, 0% used [0x000000076fc80000,0x000000076fc80000,0x0000000770700000)
  to   space 10752K, 0% used [0x0000000774680000,0x0000000774680000,0x0000000775100000)
 ParOldGen       total 91648K, used 6229K [0x00000006c3600000, 0x00000006c8f80000, 0x000000076bd00000)
  object space 91648K, 6% used [0x00000006c3600000,0x00000006c3c15678,0x00000006c8f80000)
 Metaspace       used 20633K, capacity 21222K, committed 21296K, reserved 1067008K
  class space    used 2730K, capacity 2893K, committed 2944K, reserved 1048576K
}
Event: 1.565 GC heap before
{Heap before GC invocations=5 (full 1):
 PSYoungGen      total 75776K, used 65024K [0x000000076bd00000, 0x0000000775100000, 0x00000007c0000000)
  eden space 65024K, 100% used [0x000000076bd00000,0x000000076fc80000,0x000000076fc80000)
  from space 10752K, 0% used [0x000000076fc80000,0x000000076fc80000,0x0000000770700000)
  to   space 10752K, 0% used [0x0000000774680000,0x0000000774680000,0x0000000775100000)
 ParOldGen       total 91648K, used 6240K [0x00000006c3600000, 0x00000006c8f80000, 0x000000076bd00000)
  object space 91648K, 6% used [0x00000006c3600000,0x00000006c3c18110,0x00000006c8f80000)
 Metaspace       used 22777K, capacity 23650K, committed 23808K, reserved 1069056K
  class space    used 3004K, capacity 3213K, committed 3328K, reserved 1048576K
Event: 1.570 GC heap after
Heap after GC invocations=5 (full 1):
 PSYoungGen      total 116224K, used 7307K [0x000000076bd00000, 0x0000000774e00000, 0x00000007c0000000)
  eden space 108544K, 0% used [0x000000076bd00000,0x000000076bd00000,0x0000000772700000)
  from space 7680K, 95% used [0x0000000774680000,0x0000000774da2ea8,0x0000000774e00000)
  to   space 10752K, 0% used [0x0000000773900000,0x0000000773900000,0x0000000774380000)
 ParOldGen       total 91648K, used 6312K [0x00000006c3600000, 0x00000006c8f80000, 0x000000076bd00000)
  object space 91648K, 6% used [0x00000006c3600000,0x00000006c3c2a120,0x00000006c8f80000)
 Metaspace       used 22777K, capacity 23650K, committed 23808K, reserved 1069056K
  class space    used 3004K, capacity 3213K, committed 3328K, reserved 1048576K
}
Event: 2.146 GC heap before
{Heap before GC invocations=6 (full 1):
 PSYoungGen      total 116224K, used 115851K [0x000000076bd00000, 0x0000000774e00000, 0x00000007c0000000)
  eden space 108544K, 100% used [0x000000076bd00000,0x0000000772700000,0x0000000772700000)
  from space 7680K, 95% used [0x0000000774680000,0x0000000774da2ea8,0x0000000774e00000)
  to   space 10752K, 0% used [0x0000000773900000,0x0000000773900000,0x0000000774380000)
 ParOldGen       total 91648K, used 6312K [0x00000006c3600000, 0x00000006c8f80000, 0x000000076bd00000)
  object space 91648K, 6% used [0x00000006c3600000,0x00000006c3c2a120,0x00000006c8f80000)
 Metaspace       used 28724K, capacity 30160K, committed 30336K, reserved 1075200K
  class space    used 3854K, capacity 4142K, committed 4224K, reserved 1048576K
Event: 2.154 GC heap after
Heap after GC invocations=6 (full 1):
 PSYoungGen      total 137728K, used 10736K [0x000000076bd00000, 0x0000000778700000, 0x00000007c0000000)
  eden space 126976K, 0% used [0x000000076bd00000,0x000000076bd00000,0x0000000773900000)
  from space 10752K, 99% used [0x0000000773900000,0x000000077437c3b0,0x0000000774380000)
  to   space 14848K, 0% used [0x0000000777880000,0x0000000777880000,0x0000000778700000)
 ParOldGen       total 91648K, used 9986K [0x00000006c3600000, 0x00000006c8f80000, 0x000000076bd00000)
  object space 91648K, 10% used [0x00000006c3600000,0x00000006c3fc0a88,0x00000006c8f80000)
 Metaspace       used 28724K, capacity 30160K, committed 30336K, reserved 1075200K
  class space    used 3854K, capacity 4142K, committed 4224K, reserved 1048576K
}

